#
# There is insufficient memory for the Java Runtime Environment to continue.
# Native memory allocation (mmap) failed to map 402653184 bytes for G1 virtual space
# Possible reasons:
#   The system is out of physical RAM or swap space
#   The process is running with CompressedOops enabled, and the Java Heap may be blocking the growth of the native heap
# Possible solutions:
#   Reduce memory load on the system
#   Increase physical memory or swap space
#   Check if swap backing store is full
#   Decrease Java heap size (-Xmx/-Xms)
#   Decrease number of Java threads
#   Decrease Java thread stack sizes (-Xss)
#   Set larger code cache with -XX:ReservedCodeCacheSize=
#   JVM is running with Zero Based Compressed Oops mode in which the Java heap is
#     placed in the first 32GB address space. The Java Heap base address is the
#     maximum limit for the native heap growth. Please use -XX:HeapBaseMinAddress
#     to set the Java Heap base and to place the Java Heap above 32GB virtual address.
# This output file may be truncated or incomplete.
#
#  Out of Memory Error (os_windows.cpp:3771), pid=29408, tid=22188
#
# JRE version:  (17.0.7+7) (build )
# Java VM: OpenJDK 64-Bit Server VM (17.0.7+7-b1000.2, mixed mode, sharing, tiered, compressed oops, compressed class ptrs, g1 gc, windows-amd64)
# No core dump will be written. Minidumps are not enabled by default on client versions of Windows
#

---------------  S U M M A R Y ------------

Command Line: -javaagent:D:\Program Files\JetBrains\IntelliJ IDEA Community Edition 2022.2.2\lib\idea_rt.jar=60832:D:\Program Files\JetBrains\IntelliJ IDEA Community Edition 2022.2.2\bin -Dfile.encoding=UTF-8 --module-path=C:\Users\Adib Ghannam\.m2\repository\org\openjfx\javafx-graphics\17.0.2\javafx-graphics-17.0.2-win.jar;C:\Users\Adib Ghannam\.m2\repository\com\fasterxml\jackson\core\jackson-annotations\2.15.1\jackson-annotations-2.15.1.jar;C:\Users\Adib Ghannam\.m2\repository\org\openjfx\javafx-base\17.0.2\javafx-base-17.0.2-win.jar;C:\Users\Adib Ghannam\.m2\repository\org\openjfx\javafx-controls\17.0.2\javafx-controls-17.0.2-win.jar;D:\Intellij\Project Pelvic Floor\Herculife Pelvic Tutor\target\classes;C:\Users\Adib Ghannam\.m2\repository\com\fasterxml\jackson\core\jackson-databind\2.15.1\jackson-databind-2.15.1.jar;C:\Users\Adib Ghannam\.m2\repository\com\github\mervick\aes-everywhere-java\1.2.7\aes-everywhere-java-1.2.7.jar;C:\Users\Adib Ghannam\.m2\repository\org\controlsfx\controlsfx\11.1.1\controlsfx-11.1.1.jar;C:\Users\Adib Ghannam\.m2\repository\org\openjfx\javafx-fxml\17.0.2\javafx-fxml-17.0.2-win.jar;C:\Users\Adib Ghannam\.m2\repository\org\kordamp\bootstrapfx\bootstrapfx-core\0.4.0\bootstrapfx-core-0.4.0.jar;C:\Users\Adib Ghannam\.m2\repository\com\fasterxml\jackson\core\jackson-core\2.15.2\jackson-core-2.15.2.jar;D:\Intellij\Project Pelvic Floor\Herculife Pelvic Tutor\lib\mysql-connector-j-8.1.0.jar -Djdk.module.main=com.herculife.herculifeLunaEMG com.herculife.herculifeLunaEMG/com.herculife.herculifeLunaEMG.HerculifeLunaEMGApplication

Host: Intel(R) Core(TM) i7-8750H CPU @ 2.20GHz, 12 cores, 23G,  Windows 11 , 64 bit Build 22621 (10.0.22621.2070)
Time: Fri Aug 18 18:00:05 2023 Malay Peninsula Standard Time elapsed time: 0.077876 seconds (0d 0h 0m 0s)

---------------  T H R E A D  ---------------

Current thread (0x000001ac5648afe0):  JavaThread "Unknown thread" [_thread_in_vm, id=22188, stack(0x00000069f1b00000,0x00000069f1c00000)]

Stack: [0x00000069f1b00000,0x00000069f1c00000]
Native frames: (J=compiled Java code, j=interpreted, Vv=VM code, C=native code)
V  [jvm.dll+0x683b4a]  os::platform_print_native_stack+0xca  (os_windows_x86.cpp:235)
V  [jvm.dll+0x843004]  VMError::report+0xc34  (vmError.cpp:744)
V  [jvm.dll+0x84491e]  VMError::report_and_die+0x78e  (vmError.cpp:1585)
V  [jvm.dll+0x844f83]  VMError::report_and_die+0x43  (vmError.cpp:1371)
V  [jvm.dll+0x24ad2f]  report_vm_out_of_memory+0x8f  (debug.cpp:321)
V  [jvm.dll+0x680a19]  os::pd_commit_memory_or_exit+0xc9  (os_windows.cpp:3779)
V  [jvm.dll+0x6750ea]  os::commit_memory_or_exit+0x2a  (os.cpp:1754)
V  [jvm.dll+0x30b3cb]  G1PageBasedVirtualSpace::commit+0x19b  (g1PageBasedVirtualSpace.cpp:204)
V  [jvm.dll+0x312876]  G1RegionsLargerThanCommitSizeMapper::commit_regions+0x96  (g1RegionToSpaceMapper.cpp:100)
V  [jvm.dll+0x36221e]  HeapRegionManager::expand_any+0xee  (heapRegionManager.cpp:363)
V  [jvm.dll+0x36244f]  HeapRegionManager::expand_by+0x7f  (heapRegionManager.cpp:380)
V  [jvm.dll+0x2e14a8]  G1CollectedHeap::expand+0xb8  (g1CollectedHeap.cpp:1298)
V  [jvm.dll+0x2e2414]  G1CollectedHeap::initialize+0x664  (g1CollectedHeap.cpp:1719)
V  [jvm.dll+0x8142c1]  universe_init+0xb1  (universe.cpp:736)
V  [jvm.dll+0x36ffe1]  init_globals+0x31  (init.cpp:124)
V  [jvm.dll+0x7f389c]  Threads::create_vm+0x60c  (thread.cpp:2882)
V  [jvm.dll+0x3f305f]  JNI_CreateJavaVM_inner+0x8f  (jni.cpp:3635)
V  [jvm.dll+0x3f4b91]  JNI_CreateJavaVM+0x11  (jni.cpp:3727)
C  [jli.dll+0x528f]  JavaMain+0x113  (java.c:413)
C  [ucrtbase.dll+0x29363]
C  [KERNEL32.DLL+0x126ad]
C  [ntdll.dll+0x5aa68]


---------------  P R O C E S S  ---------------

Threads class SMR info:
_java_thread_list=0x00007ffdf358d098, length=0, elements={
}

Java Threads: ( => current thread )

Other Threads:
  0x000001ac56514800 GCTaskThread "GC Thread#0" [stack: 0x00000069f1c00000,0x00000069f1d00000] [id=26396]
  0x000001ac56521720 ConcurrentGCThread "G1 Main Marker" [stack: 0x00000069f1d00000,0x00000069f1e00000] [id=9868]
  0x000001ac56522130 ConcurrentGCThread "G1 Conc#0" [stack: 0x00000069f1e00000,0x00000069f1f00000] [id=28880]

[error occurred during error reporting (printing all threads), id 0xc0000005, EXCEPTION_ACCESS_VIOLATION (0xc0000005) at pc=0x00007ffdf2d42087]

VM state: not at safepoint (not fully initialized)

VM Mutex/Monitor currently owned by a thread:  ([mutex/lock_event])
[0x000001ac56489420] Heap_lock - owner thread: 0x000001ac5648afe0

Heap address: 0x0000000683000000, size: 6096 MB, Compressed Oops mode: Zero based, Oop shift amount: 3

CDS archive(s) mapped at: [0x0000000000000000-0x0000000000000000-0x0000000000000000), size 0, SharedBaseAddress: 0x0000000800000000, ArchiveRelocationMode: 0.
Narrow klass base: 0x0000000000000000, Narrow klass shift: 0, Narrow klass range: 0x0

GC Precious Log:
<Empty>

Heap:
 garbage-first heap   total 0K, used 0K [0x0000000683000000, 0x0000000800000000)
  region size 4096K, 0 young (0K), 0 survivors (0K)

[error occurred during error reporting (printing heap information), id 0xc0000005, EXCEPTION_ACCESS_VIOLATION (0xc0000005) at pc=0x00007ffdf312ddd9]

GC Heap History (0 events):
No events

Dll operation events (1 events):
Event: 0.070 Loaded shared library C:\Users\Adib Ghannam\.jdks\jbr-17.0.7\bin\java.dll

Deoptimization events (0 events):
No events

Classes unloaded (0 events):
No events

Classes redefined (0 events):
No events

Internal exceptions (0 events):
No events

VM Operations (0 events):
No events

Events (0 events):
No events


Dynamic libraries:
0x00007ff6d8a60000 - 0x00007ff6d8a6a000 	C:\Users\Adib Ghannam\.jdks\jbr-17.0.7\bin\java.exe
0x00007ffea7a10000 - 0x00007ffea7c24000 	C:\WINDOWS\SYSTEM32\ntdll.dll
0x00007ffea6ca0000 - 0x00007ffea6d64000 	C:\WINDOWS\System32\KERNEL32.DLL
0x00007ffea51f0000 - 0x00007ffea5594000 	C:\WINDOWS\System32\KERNELBASE.dll
0x00007ffea4df0000 - 0x00007ffea4f01000 	C:\WINDOWS\System32\ucrtbase.dll
0x00007ffe7b2a0000 - 0x00007ffe7b2b7000 	C:\Users\Adib Ghannam\.jdks\jbr-17.0.7\bin\jli.dll
0x00007ffe7b310000 - 0x00007ffe7b32b000 	C:\Users\Adib Ghannam\.jdks\jbr-17.0.7\bin\VCRUNTIME140.dll
0x00007ffea7700000 - 0x00007ffea78aa000 	C:\WINDOWS\System32\USER32.dll
0x00007ffea4f10000 - 0x00007ffea4f36000 	C:\WINDOWS\System32\win32u.dll
0x00007ffea6910000 - 0x00007ffea6939000 	C:\WINDOWS\System32\GDI32.dll
0x00007ffe8df90000 - 0x00007ffe8e21f000 	C:\WINDOWS\WinSxS\amd64_microsoft.windows.common-controls_6595b64144ccf1df_6.0.22621.2070_none_2713e6537381f706\COMCTL32.dll
0x00007ffea5d70000 - 0x00007ffea5e17000 	C:\WINDOWS\System32\msvcrt.dll
0x00007ffea4f40000 - 0x00007ffea5059000 	C:\WINDOWS\System32\gdi32full.dll
0x00007ffea5150000 - 0x00007ffea51ea000 	C:\WINDOWS\System32\msvcp_win.dll
0x00007ffea5d30000 - 0x00007ffea5d61000 	C:\WINDOWS\System32\IMM32.DLL
0x00007ffe855f0000 - 0x00007ffe855fc000 	C:\Users\Adib Ghannam\.jdks\jbr-17.0.7\bin\vcruntime140_1.dll
0x00007ffe55bf0000 - 0x00007ffe55c7d000 	C:\Users\Adib Ghannam\.jdks\jbr-17.0.7\bin\msvcp140.dll
0x00007ffdf2a50000 - 0x00007ffdf36d0000 	C:\Users\Adib Ghannam\.jdks\jbr-17.0.7\bin\server\jvm.dll
0x00007ffea67e0000 - 0x00007ffea6890000 	C:\WINDOWS\System32\ADVAPI32.dll
0x00007ffea78b0000 - 0x00007ffea7956000 	C:\WINDOWS\System32\sechost.dll
0x00007ffea6ea0000 - 0x00007ffea6fb7000 	C:\WINDOWS\System32\RPCRT4.dll
0x00007ffe9cce0000 - 0x00007ffe9ccea000 	C:\WINDOWS\SYSTEM32\VERSION.dll
0x00007ffe813f0000 - 0x00007ffe813f9000 	C:\WINDOWS\SYSTEM32\WSOCK32.dll
0x00007ffe9d000000 - 0x00007ffe9d034000 	C:\WINDOWS\SYSTEM32\WINMM.dll
0x00007ffea6b10000 - 0x00007ffea6b81000 	C:\WINDOWS\System32\WS2_32.dll
0x00007ffea3ed0000 - 0x00007ffea3ee8000 	C:\WINDOWS\SYSTEM32\kernel.appcore.dll
0x00007ffe855c0000 - 0x00007ffe855ca000 	C:\Users\Adib Ghannam\.jdks\jbr-17.0.7\bin\jimage.dll
0x00007ffea2810000 - 0x00007ffea2a3e000 	C:\WINDOWS\SYSTEM32\DBGHELP.DLL
0x00007ffea6fc0000 - 0x00007ffea734a000 	C:\WINDOWS\System32\combase.dll
0x00007ffea7530000 - 0x00007ffea7607000 	C:\WINDOWS\System32\OLEAUT32.dll
0x00007ffe7f5c0000 - 0x00007ffe7f5f2000 	C:\WINDOWS\SYSTEM32\dbgcore.DLL
0x00007ffea5060000 - 0x00007ffea50da000 	C:\WINDOWS\System32\bcryptPrimitives.dll
0x00007ffe90da0000 - 0x00007ffe90dae000 	C:\Users\Adib Ghannam\.jdks\jbr-17.0.7\bin\instrument.dll
0x00007ffe792a0000 - 0x00007ffe792c5000 	C:\Users\Adib Ghannam\.jdks\jbr-17.0.7\bin\java.dll

dbghelp: loaded successfully - version: 4.0.5 - missing functions: none
symbol engine: initialized successfully - sym options: 0x614 - pdb path: .;C:\Users\Adib Ghannam\.jdks\jbr-17.0.7\bin;C:\WINDOWS\SYSTEM32;C:\WINDOWS\WinSxS\amd64_microsoft.windows.common-controls_6595b64144ccf1df_6.0.22621.2070_none_2713e6537381f706;C:\Users\Adib Ghannam\.jdks\jbr-17.0.7\bin\server

VM Arguments:
jvm_args: -javaagent:D:\Program Files\JetBrains\IntelliJ IDEA Community Edition 2022.2.2\lib\idea_rt.jar=60832:D:\Program Files\JetBrains\IntelliJ IDEA Community Edition 2022.2.2\bin -Dfile.encoding=UTF-8 --module-path=C:\Users\Adib Ghannam\.m2\repository\org\openjfx\javafx-graphics\17.0.2\javafx-graphics-17.0.2-win.jar;C:\Users\Adib Ghannam\.m2\repository\com\fasterxml\jackson\core\jackson-annotations\2.15.1\jackson-annotations-2.15.1.jar;C:\Users\Adib Ghannam\.m2\repository\org\openjfx\javafx-base\17.0.2\javafx-base-17.0.2-win.jar;C:\Users\Adib Ghannam\.m2\repository\org\openjfx\javafx-controls\17.0.2\javafx-controls-17.0.2-win.jar;D:\Intellij\Project Pelvic Floor\Herculife Pelvic Tutor\target\classes;C:\Users\Adib Ghannam\.m2\repository\com\fasterxml\jackson\core\jackson-databind\2.15.1\jackson-databind-2.15.1.jar;C:\Users\Adib Ghannam\.m2\repository\com\github\mervick\aes-everywhere-java\1.2.7\aes-everywhere-java-1.2.7.jar;C:\Users\Adib Ghannam\.m2\repository\org\controlsfx\controlsfx\11.1.1\controlsfx-11.1.1.jar;C:\Users\Adib Ghannam\.m2\repository\org\openjfx\javafx-fxml\17.0.2\javafx-fxml-17.0.2-win.jar;C:\Users\Adib Ghannam\.m2\repository\org\kordamp\bootstrapfx\bootstrapfx-core\0.4.0\bootstrapfx-core-0.4.0.jar;C:\Users\Adib Ghannam\.m2\repository\com\fasterxml\jackson\core\jackson-core\2.15.2\jackson-core-2.15.2.jar;D:\Intellij\Project Pelvic Floor\Herculife Pelvic Tutor\lib\mysql-connector-j-8.1.0.jar -Djdk.module.main=com.herculife.herculifeLunaEMG
java_command: com.herculife.herculifeLunaEMG/com.herculife.herculifeLunaEMG.HerculifeLunaEMGApplication
java_class_path (initial): C:\Users\Adib Ghannam\.m2\repository\org\openjfx\javafx-controls\17.0.2\javafx-controls-17.0.2.jar;C:\Users\Adib Ghannam\.m2\repository\org\openjfx\javafx-graphics\17.0.2\javafx-graphics-17.0.2.jar;C:\Users\Adib Ghannam\.m2\repository\org\openjfx\javafx-base\17.0.2\javafx-base-17.0.2.jar;C:\Users\Adib Ghannam\.m2\repository\org\openjfx\javafx-fxml\17.0.2\javafx-fxml-17.0.2.jar;C:\Users\Adib Ghannam\.m2\repository\com\google\code\gson\gson\2.10.1\gson-2.10.1.jar
Launcher Type: SUN_STANDARD

[Global flags]
     intx CICompilerCount                          = 4                                         {product} {ergonomic}
     uint ConcGCThreads                            = 3                                         {product} {ergonomic}
     uint G1ConcRefinementThreads                  = 10                                        {product} {ergonomic}
   size_t G1HeapRegionSize                         = 4194304                                   {product} {ergonomic}
    uintx GCDrainStackTargetSize                   = 64                                        {product} {ergonomic}
   size_t InitialHeapSize                          = 402653184                                 {product} {ergonomic}
   size_t MarkStackSize                            = 4194304                                   {product} {ergonomic}
   size_t MaxHeapSize                              = 6392119296                                {product} {ergonomic}
   size_t MinHeapDeltaBytes                        = 4194304                                   {product} {ergonomic}
   size_t MinHeapSize                              = 8388608                                   {product} {ergonomic}
    uintx NonNMethodCodeHeapSize                   = 5839372                                {pd product} {ergonomic}
    uintx NonProfiledCodeHeapSize                  = 122909434                              {pd product} {ergonomic}
    uintx ProfiledCodeHeapSize                     = 122909434                              {pd product} {ergonomic}
    uintx ReservedCodeCacheSize                    = 251658240                              {pd product} {ergonomic}
     bool SegmentedCodeCache                       = true                                      {product} {ergonomic}
   size_t SoftMaxHeapSize                          = 6392119296                             {manageable} {ergonomic}
     bool UseCompressedClassPointers               = true                           {product lp64_product} {ergonomic}
     bool UseCompressedOops                        = true                           {product lp64_product} {ergonomic}
     bool UseG1GC                                  = true                                      {product} {ergonomic}
     bool UseLargePagesIndividualAllocation        = false                                  {pd product} {ergonomic}

Logging:
Log output configuration:
 #0: stdout all=warning uptime,level,tags
 #1: stderr all=off uptime,level,tags

Environment Variables:
PATH=C:\Program Files\Common Files\Oracle\Java\javapath;C:\Python310\Scripts\;C:\Python310\;C:\windows\system32;C:\windows;C:\windows\System32\Wbem;C:\windows\System32\WindowsPowerShell\v1.0\;C:\windows\System32\OpenSSH\;C:\Program Files (x86)\NVIDIA Corporation\PhysX\Common;C:\Program Files\Intel\WiFi\bin\;C:\Program Files\Common Files\Intel\WirelessCommon\;C:\WINDOWS\system32;C:\WINDOWS;C:\WINDOWS\System32\Wbem;C:\WINDOWS\System32\WindowsPowerShell\v1.0\;C:\WINDOWS\System32\OpenSSH\;C:\Program Files\Git\cmd;C:\Program Files\NVIDIA Corporation\NVIDIA NvDLISR;D:\Program Files\PuTTY\;C:\Program Files\Microsoft SQL Server\110\Tools\Binn\;C:\ProgramData\chocolatey\bin;C:\ProgramData\Microsoft\Windows\Start Menu\Programs\Node.js;D:\Program Files\nodejs;C:\Program Files\nodejs\;C:\WINDOWS\system32;C:\WINDOWS;C:\WINDOWS\System32\Wbem;C:\WINDOWS\System32\WindowsPowerShell\v1.0\;C:\WINDOWS\System32\OpenSSH\;C:\Users\Adib Ghannam\Apps\ipfs-update_v1.9.0\ipfs-update;C:\Users\Adib Ghannam\AppData\Local\Microsoft\WindowsApps;D:\Program Files\Microsoft VS Code\bin;C:\Users\Adib Ghannam\AppData\Roaming\npm;D:\Program Files\Google\Cloud SDK\google-cloud-sdk\bin
USERNAME=Adib Ghannam
OS=Windows_NT
PROCESSOR_IDENTIFIER=Intel64 Family 6 Model 158 Stepping 10, GenuineIntel
TMP=C:\Users\ADIBGH~1\AppData\Local\Temp
TEMP=C:\Users\ADIBGH~1\AppData\Local\Temp


JNI global refs:

[error occurred during error reporting (JNI global references), id 0xc0000005, EXCEPTION_ACCESS_VIOLATION (0xc0000005) at pc=0x00007ffdf2b07fc0]

OOME stack traces (most recent first):
Classloader memory used:


---------------  S Y S T E M  ---------------

OS:
 Windows 11 , 64 bit Build 22621 (10.0.22621.2070)
OS uptime: 5 days 0:31 hours

CPU: total 12 (initial active 12) (6 cores per cpu, 2 threads per core) family 6 model 158 stepping 10 microcode 0xde, cx8, cmov, fxsr, ht, mmx, 3dnowpref, sse, sse2, sse3, ssse3, sse4.1, sse4.2, popcnt, lzcnt, tsc, tscinvbit, avx, avx2, aes, erms, clmul, bmi1, bmi2, adx, fma, vzeroupper, clflush, clflushopt

Memory: 4k page, system-wide physical 24383M (3042M free)
TotalPageFile size 31505M (AvailPageFile size 224M)
current process WorkingSet (physical memory assigned to process): 45M, peak: 45M
current process commit charge ("private bytes"): 97M, peak: 448M

vm_info: OpenJDK 64-Bit Server VM (17.0.7+7-b1000.2) for windows-amd64 JRE (17.0.7+7-b1000.2), built on 2023-06-16 by "builduser" with MS VC++ 16.10 / 16.11 (VS2019)

END.
